TpTrace Verbose: 0 : 6100, 1, 2021/10/21, 07:56:51.831, 6026082972021, vstest.console.dll, Version: 16.11.0
TpTrace Information: 0 : 6100, 1, 2021/10/21, 07:56:51.844, 6026083080138, vstest.console.dll, FilePatternParser: The given file C:\Users\hishore\Downloads\AuditManagementProject-master\AuditManagementProject-master\AuditBenchmarkTestProject\bin\Debug\net5.0\fine-code-coverage\build-output\AuditBenchmarkTestProject.dll is a full path.
TpTrace Verbose: 0 : 6100, 1, 2021/10/21, 07:56:51.854, 6026083180484, vstest.console.dll, TestPluginCache.DiscoverTestExtensions: finding test extensions in assemblies ends with: RuntimeProvider.dll TPluginInfo: Microsoft.VisualStudio.TestPlatform.Common.ExtensionFramework.Utilities.TestRuntimePluginInformation TExtension: Microsoft.VisualStudio.TestPlatform.ObjectModel.Host.ITestRuntimeProvider
TpTrace Verbose: 0 : 6100, 1, 2021/10/21, 07:56:51.854, 6026083186494, vstest.console.dll, TestPluginCache.GetExtensionPaths: Filtered extension paths: 
TpTrace Verbose: 0 : 6100, 1, 2021/10/21, 07:56:51.854, 6026083187677, vstest.console.dll, TestPluginCache.GetExtensionPaths: Added default extension paths: C:\Program Files\dotnet\sdk\5.0.402\Extensions\Microsoft.Diagnostics.NETCore.Client.dll
C:\Program Files\dotnet\sdk\5.0.402\Extensions\Microsoft.TestPlatform.Extensions.BlameDataCollector.dll
C:\Program Files\dotnet\sdk\5.0.402\Extensions\Microsoft.TestPlatform.Extensions.EventLogCollector.dll
C:\Program Files\dotnet\sdk\5.0.402\Extensions\Microsoft.TestPlatform.TestHostRuntimeProvider.dll
C:\Program Files\dotnet\sdk\5.0.402\Extensions\Microsoft.VisualStudio.TestPlatform.Extensions.Html.TestLogger.dll
C:\Program Files\dotnet\sdk\5.0.402\Extensions\Microsoft.VisualStudio.TestPlatform.Extensions.Trx.TestLogger.dll
TpTrace Verbose: 0 : 6100, 1, 2021/10/21, 07:56:51.854, 6026083188302, vstest.console.dll, TestPluginCache.GetExtensionPaths: Added unfilterableExtensionPaths: 
TpTrace Information: 0 : 6100, 1, 2021/10/21, 07:56:51.855, 6026083198259, vstest.console.dll, AssemblyResolver.ctor: Creating AssemblyResolver with searchDirectories C:\Program Files\dotnet\sdk\5.0.402\Extensions,C:\Program Files\dotnet\sdk\5.0.402
TpTrace Verbose: 0 : 6100, 1, 2021/10/21, 07:56:51.856, 6026083209546, vstest.console.dll, TestPluginCache.DiscoverTestExtensions: Discovering the extensions using extension path.
TpTrace Verbose: 0 : 6100, 1, 2021/10/21, 07:56:51.857, 6026083211259, vstest.console.dll, TestPluginCache.GetExtensionPaths: Filtered extension paths: 
TpTrace Verbose: 0 : 6100, 1, 2021/10/21, 07:56:51.857, 6026083211865, vstest.console.dll, TestPluginCache.GetExtensionPaths: Added default extension paths: C:\Program Files\dotnet\sdk\5.0.402\Extensions\Microsoft.Diagnostics.NETCore.Client.dll
C:\Program Files\dotnet\sdk\5.0.402\Extensions\Microsoft.TestPlatform.Extensions.BlameDataCollector.dll
C:\Program Files\dotnet\sdk\5.0.402\Extensions\Microsoft.TestPlatform.Extensions.EventLogCollector.dll
C:\Program Files\dotnet\sdk\5.0.402\Extensions\Microsoft.TestPlatform.TestHostRuntimeProvider.dll
C:\Program Files\dotnet\sdk\5.0.402\Extensions\Microsoft.VisualStudio.TestPlatform.Extensions.Html.TestLogger.dll
C:\Program Files\dotnet\sdk\5.0.402\Extensions\Microsoft.VisualStudio.TestPlatform.Extensions.Trx.TestLogger.dll
TpTrace Verbose: 0 : 6100, 1, 2021/10/21, 07:56:51.857, 6026083212378, vstest.console.dll, TestPluginCache.GetExtensionPaths: Added unfilterableExtensionPaths: 
TpTrace Verbose: 0 : 6100, 1, 2021/10/21, 07:56:51.857, 6026083213190, vstest.console.dll, TestPluginCache.DiscoverTestExtensions: Discovering the extensions using allExtensionPaths: C:\Program Files\dotnet\sdk\5.0.402\Extensions\Microsoft.Diagnostics.NETCore.Client.dll
C:\Program Files\dotnet\sdk\5.0.402\Extensions\Microsoft.TestPlatform.Extensions.BlameDataCollector.dll
C:\Program Files\dotnet\sdk\5.0.402\Extensions\Microsoft.TestPlatform.Extensions.EventLogCollector.dll
C:\Program Files\dotnet\sdk\5.0.402\Extensions\Microsoft.TestPlatform.TestHostRuntimeProvider.dll
C:\Program Files\dotnet\sdk\5.0.402\Extensions\Microsoft.VisualStudio.TestPlatform.Extensions.Html.TestLogger.dll
C:\Program Files\dotnet\sdk\5.0.402\Extensions\Microsoft.VisualStudio.TestPlatform.Extensions.Trx.TestLogger.dll
TpTrace Information: 0 : 6100, 1, 2021/10/21, 07:56:51.857, 6026083215606, vstest.console.dll, AssemblyResolver.AddSearchDirectories: Adding more searchDirectories C:\Program Files\dotnet\sdk\5.0.402\Extensions,C:\Program Files\dotnet\sdk\5.0.402
TpTrace Information: 0 : 6100, 1, 2021/10/21, 07:56:51.857, 6026083216470, vstest.console.dll, AssemblyResolver.AddSearchDirectories: Adding more searchDirectories C:\Program Files\dotnet\sdk\5.0.402\Extensions,C:\Program Files\dotnet\sdk\5.0.402
TpTrace Information: 0 : 6100, 1, 2021/10/21, 07:56:51.857, 6026083216979, vstest.console.dll, AssemblyResolver.AddSearchDirectories: Adding more searchDirectories C:\Program Files\dotnet\sdk\5.0.402\Extensions,C:\Program Files\dotnet\sdk\5.0.402
TpTrace Information: 0 : 6100, 1, 2021/10/21, 07:56:51.857, 6026083217463, vstest.console.dll, AssemblyResolver.AddSearchDirectories: Adding more searchDirectories C:\Program Files\dotnet\sdk\5.0.402\Extensions,C:\Program Files\dotnet\sdk\5.0.402
TpTrace Information: 0 : 6100, 1, 2021/10/21, 07:56:51.857, 6026083217844, vstest.console.dll, AssemblyResolver.AddSearchDirectories: Adding more searchDirectories C:\Program Files\dotnet\sdk\5.0.402\Extensions,C:\Program Files\dotnet\sdk\5.0.402
TpTrace Information: 0 : 6100, 1, 2021/10/21, 07:56:51.857, 6026083218209, vstest.console.dll, AssemblyResolver.AddSearchDirectories: Adding more searchDirectories C:\Program Files\dotnet\sdk\5.0.402\Extensions,C:\Program Files\dotnet\sdk\5.0.402
TpTrace Information: 0 : 6100, 1, 2021/10/21, 07:56:51.858, 6026083222784, vstest.console.dll, AssemblyResolver.OnResolve: Microsoft.Diagnostics.NETCore.Client: Resolving assembly.
TpTrace Information: 0 : 6100, 1, 2021/10/21, 07:56:51.858, 6026083223610, vstest.console.dll, AssemblyResolver.OnResolve: Microsoft.Diagnostics.NETCore.Client: Searching in: 'C:\Program Files\dotnet\sdk\5.0.402\Extensions'.
TpTrace Information: 0 : 6100, 1, 2021/10/21, 07:56:51.859, 6026083232229, vstest.console.dll, AssemblyResolver.OnResolve: Microsoft.Diagnostics.NETCore.Client: Loading assembly 'C:\Program Files\dotnet\sdk\5.0.402\Extensions\Microsoft.Diagnostics.NETCore.Client.dll'.
TpTrace Information: 0 : 6100, 1, 2021/10/21, 07:56:51.860, 6026083243923, vstest.console.dll, AssemblyResolver.OnResolve: Resolved assembly: Microsoft.Diagnostics.NETCore.Client, from path: C:\Program Files\dotnet\sdk\5.0.402\Extensions\Microsoft.Diagnostics.NETCore.Client.dll
TpTrace Information: 0 : 6100, 1, 2021/10/21, 07:56:51.865, 6026083298985, vstest.console.dll, AssemblyResolver.OnResolve: Microsoft.Bcl.AsyncInterfaces: Resolving assembly.
TpTrace Information: 0 : 6100, 1, 2021/10/21, 07:56:51.866, 6026083300539, vstest.console.dll, AssemblyResolver.OnResolve: Microsoft.Bcl.AsyncInterfaces: Searching in: 'C:\Program Files\dotnet\sdk\5.0.402\Extensions'.
TpTrace Information: 0 : 6100, 1, 2021/10/21, 07:56:51.866, 6026083302386, vstest.console.dll, AssemblyResolver.OnResolve: Microsoft.Bcl.AsyncInterfaces: Assembly path does not exist: 'C:\Program Files\dotnet\sdk\5.0.402\Extensions\Microsoft.Bcl.AsyncInterfaces.dll', returning.
TpTrace Information: 0 : 6100, 1, 2021/10/21, 07:56:51.866, 6026083303885, vstest.console.dll, AssemblyResolver.OnResolve: Microsoft.Bcl.AsyncInterfaces: Assembly path does not exist: 'C:\Program Files\dotnet\sdk\5.0.402\Extensions\Microsoft.Bcl.AsyncInterfaces.exe', returning.
TpTrace Information: 0 : 6100, 1, 2021/10/21, 07:56:51.866, 6026083304886, vstest.console.dll, AssemblyResolver.OnResolve: Microsoft.Bcl.AsyncInterfaces: Searching in: 'C:\Program Files\dotnet\sdk\5.0.402'.
TpTrace Information: 0 : 6100, 1, 2021/10/21, 07:56:51.866, 6026083306311, vstest.console.dll, AssemblyResolver.OnResolve: Microsoft.Bcl.AsyncInterfaces: Assembly path does not exist: 'C:\Program Files\dotnet\sdk\5.0.402\Microsoft.Bcl.AsyncInterfaces.dll', returning.
TpTrace Information: 0 : 6100, 1, 2021/10/21, 07:56:51.866, 6026083307709, vstest.console.dll, AssemblyResolver.OnResolve: Microsoft.Bcl.AsyncInterfaces: Assembly path does not exist: 'C:\Program Files\dotnet\sdk\5.0.402\Microsoft.Bcl.AsyncInterfaces.exe', returning.
TpTrace Information: 0 : 6100, 1, 2021/10/21, 07:56:51.866, 6026083309170, vstest.console.dll, AssemblyResolver.OnResolve: Microsoft.Bcl.AsyncInterfaces: Failed to load assembly.
TpTrace Verbose: 0 : 6100, 1, 2021/10/21, 07:56:51.867, 6026083310162, vstest.console.dll, CurrentDomainAssemblyResolve: Resolving assembly 'Microsoft.Bcl.AsyncInterfaces'.
TpTrace Information: 0 : 6100, 1, 2021/10/21, 07:56:51.867, 6026083311617, vstest.console.dll, AssemblyResolver.OnResolve: Microsoft.Bcl.AsyncInterfaces: Resolving assembly.
TpTrace Information: 0 : 6100, 1, 2021/10/21, 07:56:51.867, 6026083312467, vstest.console.dll, AssemblyResolver.OnResolve: Microsoft.Bcl.AsyncInterfaces: Resolved from cache.
TpTrace Verbose: 0 : 6100, 1, 2021/10/21, 07:56:51.867, 6026083313183, vstest.console.dll, CurrentDomainAssemblyResolve: Resolving assembly 'Microsoft.Bcl.AsyncInterfaces'.
TpTrace Verbose: 0 : 6100, 1, 2021/10/21, 07:56:51.867, 6026083314036, vstest.console.dll, CurrentDomainAssemblyResolve: Failed to resolve assembly 'Microsoft.Bcl.AsyncInterfaces'.
TpTrace Verbose: 0 : 6100, 1, 2021/10/21, 07:56:51.868, 6026083326471, vstest.console.dll, CurrentDomainAssemblyResolve: Failed to resolve assembly 'Microsoft.Bcl.AsyncInterfaces'.
TpTrace Warning: 0 : 6100, 1, 2021/10/21, 07:56:51.887, 6026083513120, vstest.console.dll, TestPluginDiscoverer: Failed to get types from assembly 'Microsoft.Diagnostics.NETCore.Client, Version=0.2.2.41902, Culture=neutral, PublicKeyToken=31bf3856ad364e35'.  Skipping test extension scan for this assembly.  Error: System.Reflection.ReflectionTypeLoadException: Unable to load one or more of the requested types.
Could not load file or assembly 'Microsoft.Bcl.AsyncInterfaces, Version=1.0.0.0, Culture=neutral, PublicKeyToken=cc7b13ffcd2ddd51'. The system cannot find the file specified.
   at System.Reflection.RuntimeModule.GetTypes(RuntimeModule module)
   at System.Reflection.RuntimeModule.GetTypes()
   at System.Reflection.Assembly.GetTypes()
   at Microsoft.VisualStudio.TestPlatform.Common.ExtensionFramework.TestPluginDiscoverer.GetTestExtensionsFromAssembly[TPluginInfo,TExtension](Assembly assembly, Dictionary`2 pluginInfos)
System.IO.FileNotFoundException: Could not load file or assembly 'Microsoft.Bcl.AsyncInterfaces, Version=1.0.0.0, Culture=neutral, PublicKeyToken=cc7b13ffcd2ddd51'. The system cannot find the file specified.
File name: 'Microsoft.Bcl.AsyncInterfaces, Version=1.0.0.0, Culture=neutral, PublicKeyToken=cc7b13ffcd2ddd51'
TpTrace Warning: 0 : 6100, 1, 2021/10/21, 07:56:51.887, 6026083514774, vstest.console.dll, LoaderExceptions: System.IO.FileNotFoundException: Could not load file or assembly 'Microsoft.Bcl.AsyncInterfaces, Version=1.0.0.0, Culture=neutral, PublicKeyToken=cc7b13ffcd2ddd51'. The system cannot find the file specified.
File name: 'Microsoft.Bcl.AsyncInterfaces, Version=1.0.0.0, Culture=neutral, PublicKeyToken=cc7b13ffcd2ddd51'
TpTrace Information: 0 : 6100, 1, 2021/10/21, 07:56:51.887, 6026083516235, vstest.console.dll, AssemblyResolver.OnResolve: Microsoft.TestPlatform.Extensions.BlameDataCollector: Resolving assembly.
TpTrace Information: 0 : 6100, 1, 2021/10/21, 07:56:51.887, 6026083516802, vstest.console.dll, AssemblyResolver.OnResolve: Microsoft.TestPlatform.Extensions.BlameDataCollector: Searching in: 'C:\Program Files\dotnet\sdk\5.0.402\Extensions'.
TpTrace Information: 0 : 6100, 1, 2021/10/21, 07:56:51.888, 6026083522717, vstest.console.dll, AssemblyResolver.OnResolve: Microsoft.TestPlatform.Extensions.BlameDataCollector: Loading assembly 'C:\Program Files\dotnet\sdk\5.0.402\Extensions\Microsoft.TestPlatform.Extensions.BlameDataCollector.dll'.
TpTrace Information: 0 : 6100, 1, 2021/10/21, 07:56:51.889, 6026083531100, vstest.console.dll, AssemblyResolver.OnResolve: Resolved assembly: Microsoft.TestPlatform.Extensions.BlameDataCollector, from path: C:\Program Files\dotnet\sdk\5.0.402\Extensions\Microsoft.TestPlatform.Extensions.BlameDataCollector.dll
TpTrace Information: 0 : 6100, 1, 2021/10/21, 07:56:51.889, 6026083539640, vstest.console.dll, AssemblyResolver.OnResolve: Microsoft.TestPlatform.Extensions.EventLogCollector: Resolving assembly.
TpTrace Information: 0 : 6100, 1, 2021/10/21, 07:56:51.890, 6026083540654, vstest.console.dll, AssemblyResolver.OnResolve: Microsoft.TestPlatform.Extensions.EventLogCollector: Searching in: 'C:\Program Files\dotnet\sdk\5.0.402\Extensions'.
TpTrace Information: 0 : 6100, 1, 2021/10/21, 07:56:51.890, 6026083546805, vstest.console.dll, AssemblyResolver.OnResolve: Microsoft.TestPlatform.Extensions.EventLogCollector: Loading assembly 'C:\Program Files\dotnet\sdk\5.0.402\Extensions\Microsoft.TestPlatform.Extensions.EventLogCollector.dll'.
TpTrace Information: 0 : 6100, 1, 2021/10/21, 07:56:51.891, 6026083553156, vstest.console.dll, AssemblyResolver.OnResolve: Resolved assembly: Microsoft.TestPlatform.Extensions.EventLogCollector, from path: C:\Program Files\dotnet\sdk\5.0.402\Extensions\Microsoft.TestPlatform.Extensions.EventLogCollector.dll
TpTrace Information: 0 : 6100, 1, 2021/10/21, 07:56:51.895, 6026083589801, vstest.console.dll, AssemblyResolver.OnResolve: Microsoft.TestPlatform.TestHostRuntimeProvider: Resolving assembly.
TpTrace Information: 0 : 6100, 1, 2021/10/21, 07:56:51.895, 6026083591714, vstest.console.dll, AssemblyResolver.OnResolve: Microsoft.TestPlatform.TestHostRuntimeProvider: Searching in: 'C:\Program Files\dotnet\sdk\5.0.402\Extensions'.
TpTrace Information: 0 : 6100, 1, 2021/10/21, 07:56:51.896, 6026083600019, vstest.console.dll, AssemblyResolver.OnResolve: Microsoft.TestPlatform.TestHostRuntimeProvider: Loading assembly 'C:\Program Files\dotnet\sdk\5.0.402\Extensions\Microsoft.TestPlatform.TestHostRuntimeProvider.dll'.
TpTrace Information: 0 : 6100, 1, 2021/10/21, 07:56:51.896, 6026083608077, vstest.console.dll, AssemblyResolver.OnResolve: Resolved assembly: Microsoft.TestPlatform.TestHostRuntimeProvider, from path: C:\Program Files\dotnet\sdk\5.0.402\Extensions\Microsoft.TestPlatform.TestHostRuntimeProvider.dll
TpTrace Information: 0 : 6100, 1, 2021/10/21, 07:56:51.898, 6026083624803, vstest.console.dll, AssemblyResolver.OnResolve: Microsoft.VisualStudio.TestPlatform.Extensions.Html.TestLogger: Resolving assembly.
TpTrace Information: 0 : 6100, 1, 2021/10/21, 07:56:51.898, 6026083625735, vstest.console.dll, AssemblyResolver.OnResolve: Microsoft.VisualStudio.TestPlatform.Extensions.Html.TestLogger: Searching in: 'C:\Program Files\dotnet\sdk\5.0.402\Extensions'.
TpTrace Information: 0 : 6100, 1, 2021/10/21, 07:56:51.899, 6026083631870, vstest.console.dll, AssemblyResolver.OnResolve: Microsoft.VisualStudio.TestPlatform.Extensions.Html.TestLogger: Loading assembly 'C:\Program Files\dotnet\sdk\5.0.402\Extensions\Microsoft.VisualStudio.TestPlatform.Extensions.Html.TestLogger.dll'.
TpTrace Information: 0 : 6100, 1, 2021/10/21, 07:56:51.899, 6026083639501, vstest.console.dll, AssemblyResolver.OnResolve: Resolved assembly: Microsoft.VisualStudio.TestPlatform.Extensions.Html.TestLogger, from path: C:\Program Files\dotnet\sdk\5.0.402\Extensions\Microsoft.VisualStudio.TestPlatform.Extensions.Html.TestLogger.dll
TpTrace Information: 0 : 6100, 1, 2021/10/21, 07:56:51.900, 6026083644754, vstest.console.dll, AssemblyResolver.OnResolve: Microsoft.VisualStudio.TestPlatform.Extensions.Trx.TestLogger: Resolving assembly.
TpTrace Information: 0 : 6100, 1, 2021/10/21, 07:56:51.900, 6026083645736, vstest.console.dll, AssemblyResolver.OnResolve: Microsoft.VisualStudio.TestPlatform.Extensions.Trx.TestLogger: Searching in: 'C:\Program Files\dotnet\sdk\5.0.402\Extensions'.
TpTrace Information: 0 : 6100, 1, 2021/10/21, 07:56:51.901, 6026083651818, vstest.console.dll, AssemblyResolver.OnResolve: Microsoft.VisualStudio.TestPlatform.Extensions.Trx.TestLogger: Loading assembly 'C:\Program Files\dotnet\sdk\5.0.402\Extensions\Microsoft.VisualStudio.TestPlatform.Extensions.Trx.TestLogger.dll'.
TpTrace Information: 0 : 6100, 1, 2021/10/21, 07:56:51.902, 6026083660496, vstest.console.dll, AssemblyResolver.OnResolve: Resolved assembly: Microsoft.VisualStudio.TestPlatform.Extensions.Trx.TestLogger, from path: C:\Program Files\dotnet\sdk\5.0.402\Extensions\Microsoft.VisualStudio.TestPlatform.Extensions.Trx.TestLogger.dll
TpTrace Verbose: 0 : 6100, 1, 2021/10/21, 07:56:51.902, 6026083669334, vstest.console.dll, TestPluginCache: Discovered the extensions using extension path ''.
TpTrace Verbose: 0 : 6100, 1, 2021/10/21, 07:56:51.903, 6026083670223, vstest.console.dll, TestPluginCache: Discoverers are ''.
TpTrace Verbose: 0 : 6100, 1, 2021/10/21, 07:56:51.903, 6026083670641, vstest.console.dll, TestPluginCache: Executors are ''.
TpTrace Verbose: 0 : 6100, 1, 2021/10/21, 07:56:51.903, 6026083670976, vstest.console.dll, TestPluginCache: Executors2 are ''.
TpTrace Verbose: 0 : 6100, 1, 2021/10/21, 07:56:51.903, 6026083671298, vstest.console.dll, TestPluginCache: Setting providers are ''.
TpTrace Verbose: 0 : 6100, 1, 2021/10/21, 07:56:51.903, 6026083671614, vstest.console.dll, TestPluginCache: Loggers are ''.
TpTrace Information: 0 : 6100, 1, 2021/10/21, 07:56:51.908, 6026083728828, vstest.console.dll, RunTestsArgumentProcessor:Execute: Test run is starting.
TpTrace Verbose: 0 : 6100, 1, 2021/10/21, 07:56:51.909, 6026083729973, vstest.console.dll, RunTestsArgumentProcessor:Execute: Queuing Test run.
TpTrace Information: 0 : 6100, 1, 2021/10/21, 07:56:51.909, 6026083732856, vstest.console.dll, TestRequestManager.RunTests: run tests started.
TpTrace Information: 0 : 6100, 1, 2021/10/21, 07:56:51.916, 6026083800716, vstest.console.dll, AssemblyMetadataProvider.GetFrameWork: Determined framework:'.NETCoreApp,Version=v5.0' for source: 'C:\Users\hishore\Downloads\AuditManagementProject-master\AuditManagementProject-master\AuditBenchmarkTestProject\bin\Debug\net5.0\fine-code-coverage\build-output\AuditBenchmarkTestProject.dll'
TpTrace Information: 0 : 6100, 1, 2021/10/21, 07:56:51.916, 6026083804129, vstest.console.dll, Determined framework for all sources: .NETCoreApp,Version=v5.0
TpTrace Information: 0 : 6100, 1, 2021/10/21, 07:56:51.917, 6026083811845, vstest.console.dll, AssemblyMetadataProvider.GetArchitecture: Determined architecture:AnyCPU info for assembly: C:\Users\hishore\Downloads\AuditManagementProject-master\AuditManagementProject-master\AuditBenchmarkTestProject\bin\Debug\net5.0\fine-code-coverage\build-output\AuditBenchmarkTestProject.dll
TpTrace Information: 0 : 6100, 1, 2021/10/21, 07:56:51.920, 6026083841493, vstest.console.dll, Determined platform for all sources: X64
TpTrace Information: 0 : 6100, 1, 2021/10/21, 07:56:51.923, 6026083874151, vstest.console.dll, Compatible sources list : 
TpTrace Information: 0 : 6100, 1, 2021/10/21, 07:56:51.923, 6026083875232, vstest.console.dll, C:\Users\hishore\Downloads\AuditManagementProject-master\AuditManagementProject-master\AuditBenchmarkTestProject\bin\Debug\net5.0\fine-code-coverage\build-output\AuditBenchmarkTestProject.dll
TpTrace Information: 0 : 6100, 1, 2021/10/21, 07:56:51.925, 6026083899175, vstest.console.dll, InferRunSettingsHelper.IsTestSettingsEnabled: Unable to navigate to RunSettings/MSTest. Current node: RunSettings
TpTrace Information: 0 : 6100, 1, 2021/10/21, 07:56:51.927, 6026083913872, vstest.console.dll, AssemblyResolver.OnResolve: Microsoft.VisualStudio.TestPlatform.Fakes: Resolving assembly.
TpTrace Information: 0 : 6100, 1, 2021/10/21, 07:56:51.927, 6026083915763, vstest.console.dll, AssemblyResolver.OnResolve: Microsoft.VisualStudio.TestPlatform.Fakes: Searching in: 'C:\Program Files\dotnet\sdk\5.0.402\Extensions'.
TpTrace Information: 0 : 6100, 1, 2021/10/21, 07:56:51.927, 6026083917919, vstest.console.dll, AssemblyResolver.OnResolve: Microsoft.VisualStudio.TestPlatform.Fakes: Assembly path does not exist: 'C:\Program Files\dotnet\sdk\5.0.402\Extensions\Microsoft.VisualStudio.TestPlatform.Fakes.dll', returning.
TpTrace Information: 0 : 6100, 1, 2021/10/21, 07:56:51.927, 6026083919504, vstest.console.dll, AssemblyResolver.OnResolve: Microsoft.VisualStudio.TestPlatform.Fakes: Assembly path does not exist: 'C:\Program Files\dotnet\sdk\5.0.402\Extensions\Microsoft.VisualStudio.TestPlatform.Fakes.exe', returning.
TpTrace Information: 0 : 6100, 1, 2021/10/21, 07:56:51.928, 6026083920518, vstest.console.dll, AssemblyResolver.OnResolve: Microsoft.VisualStudio.TestPlatform.Fakes: Searching in: 'C:\Program Files\dotnet\sdk\5.0.402'.
TpTrace Information: 0 : 6100, 1, 2021/10/21, 07:56:51.928, 6026083923403, vstest.console.dll, AssemblyResolver.OnResolve: Microsoft.VisualStudio.TestPlatform.Fakes: Assembly path does not exist: 'C:\Program Files\dotnet\sdk\5.0.402\Microsoft.VisualStudio.TestPlatform.Fakes.dll', returning.
TpTrace Information: 0 : 6100, 1, 2021/10/21, 07:56:51.928, 6026083925815, vstest.console.dll, AssemblyResolver.OnResolve: Microsoft.VisualStudio.TestPlatform.Fakes: Assembly path does not exist: 'C:\Program Files\dotnet\sdk\5.0.402\Microsoft.VisualStudio.TestPlatform.Fakes.exe', returning.
TpTrace Information: 0 : 6100, 1, 2021/10/21, 07:56:51.928, 6026083926799, vstest.console.dll, AssemblyResolver.OnResolve: Microsoft.VisualStudio.TestPlatform.Fakes: Failed to load assembly.
TpTrace Information: 0 : 6100, 1, 2021/10/21, 07:56:51.929, 6026083935060, vstest.console.dll, Failed to create newly implemented Fakes Configurator. Reason:System.IO.FileNotFoundException: Could not load file or assembly 'Microsoft.VisualStudio.TestPlatform.Fakes, Version=16.0.0.0, Culture=neutral, PublicKeyToken=null'. The system cannot find the file specified.
File name: 'Microsoft.VisualStudio.TestPlatform.Fakes, Version=16.0.0.0, Culture=neutral, PublicKeyToken=null'
   at System.Reflection.RuntimeAssembly.InternalLoad(ObjectHandleOnStack assemblyName, ObjectHandleOnStack requestingAssembly, StackCrawlMarkHandle stackMark, Boolean throwOnFileNotFound, ObjectHandleOnStack assemblyLoadContext, ObjectHandleOnStack retAssembly)
   at System.Reflection.RuntimeAssembly.InternalLoad(AssemblyName assemblyName, RuntimeAssembly requestingAssembly, StackCrawlMark& stackMark, Boolean throwOnFileNotFound, AssemblyLoadContext assemblyLoadContext)
   at System.Reflection.Assembly.Load(AssemblyName assemblyRef)
   at Microsoft.VisualStudio.TestPlatform.Common.Utilities.FakesUtilities.TryGetFakesCrossPlatformDataCollectorConfigurator() 
TpTrace Verbose: 0 : 6100, 1, 2021/10/21, 07:56:51.936, 6026084005437, vstest.console.dll, TestPluginCache.DiscoverTestExtensions: finding test extensions in assemblies ends with: TestLogger.dll TPluginInfo: Microsoft.VisualStudio.TestPlatform.Common.ExtensionFramework.Utilities.TestLoggerPluginInformation TExtension: Microsoft.VisualStudio.TestPlatform.ObjectModel.Client.ITestLogger
TpTrace Verbose: 0 : 6100, 1, 2021/10/21, 07:56:51.936, 6026084006799, vstest.console.dll, TestPluginCache.GetExtensionPaths: Filtered extension paths: 
TpTrace Verbose: 0 : 6100, 1, 2021/10/21, 07:56:51.936, 6026084007377, vstest.console.dll, TestPluginCache.GetExtensionPaths: Added default extension paths: C:\Program Files\dotnet\sdk\5.0.402\Extensions\Microsoft.Diagnostics.NETCore.Client.dll
C:\Program Files\dotnet\sdk\5.0.402\Extensions\Microsoft.TestPlatform.Extensions.BlameDataCollector.dll
C:\Program Files\dotnet\sdk\5.0.402\Extensions\Microsoft.TestPlatform.Extensions.EventLogCollector.dll
C:\Program Files\dotnet\sdk\5.0.402\Extensions\Microsoft.TestPlatform.TestHostRuntimeProvider.dll
C:\Program Files\dotnet\sdk\5.0.402\Extensions\Microsoft.VisualStudio.TestPlatform.Extensions.Html.TestLogger.dll
C:\Program Files\dotnet\sdk\5.0.402\Extensions\Microsoft.VisualStudio.TestPlatform.Extensions.Trx.TestLogger.dll
TpTrace Verbose: 0 : 6100, 1, 2021/10/21, 07:56:51.936, 6026084007924, vstest.console.dll, TestPluginCache.GetExtensionPaths: Added unfilterableExtensionPaths: 
TpTrace Information: 0 : 6100, 1, 2021/10/21, 07:56:51.937, 6026084010107, vstest.console.dll, AssemblyResolver.AddSearchDirectories: Adding more searchDirectories C:\Program Files\dotnet\sdk\5.0.402\Extensions,C:\Program Files\dotnet\sdk\5.0.402
TpTrace Verbose: 0 : 6100, 1, 2021/10/21, 07:56:51.937, 6026084010787, vstest.console.dll, TestPluginCache.DiscoverTestExtensions: Discovering the extensions using extension path.
TpTrace Verbose: 0 : 6100, 1, 2021/10/21, 07:56:51.937, 6026084011378, vstest.console.dll, TestPluginCache.GetExtensionPaths: Filtered extension paths: 
TpTrace Verbose: 0 : 6100, 1, 2021/10/21, 07:56:51.937, 6026084011849, vstest.console.dll, TestPluginCache.GetExtensionPaths: Added default extension paths: C:\Program Files\dotnet\sdk\5.0.402\Extensions\Microsoft.Diagnostics.NETCore.Client.dll
C:\Program Files\dotnet\sdk\5.0.402\Extensions\Microsoft.TestPlatform.Extensions.BlameDataCollector.dll
C:\Program Files\dotnet\sdk\5.0.402\Extensions\Microsoft.TestPlatform.Extensions.EventLogCollector.dll
C:\Program Files\dotnet\sdk\5.0.402\Extensions\Microsoft.TestPlatform.TestHostRuntimeProvider.dll
C:\Program Files\dotnet\sdk\5.0.402\Extensions\Microsoft.VisualStudio.TestPlatform.Extensions.Html.TestLogger.dll
C:\Program Files\dotnet\sdk\5.0.402\Extensions\Microsoft.VisualStudio.TestPlatform.Extensions.Trx.TestLogger.dll
TpTrace Verbose: 0 : 6100, 1, 2021/10/21, 07:56:51.937, 6026084012286, vstest.console.dll, TestPluginCache.GetExtensionPaths: Added unfilterableExtensionPaths: 
TpTrace Verbose: 0 : 6100, 1, 2021/10/21, 07:56:51.937, 6026084012796, vstest.console.dll, TestPluginCache.DiscoverTestExtensions: Discovering the extensions using allExtensionPaths: C:\Program Files\dotnet\sdk\5.0.402\Extensions\Microsoft.Diagnostics.NETCore.Client.dll
C:\Program Files\dotnet\sdk\5.0.402\Extensions\Microsoft.TestPlatform.Extensions.BlameDataCollector.dll
C:\Program Files\dotnet\sdk\5.0.402\Extensions\Microsoft.TestPlatform.Extensions.EventLogCollector.dll
C:\Program Files\dotnet\sdk\5.0.402\Extensions\Microsoft.TestPlatform.TestHostRuntimeProvider.dll
C:\Program Files\dotnet\sdk\5.0.402\Extensions\Microsoft.VisualStudio.TestPlatform.Extensions.Html.TestLogger.dll
C:\Program Files\dotnet\sdk\5.0.402\Extensions\Microsoft.VisualStudio.TestPlatform.Extensions.Trx.TestLogger.dll
TpTrace Information: 0 : 6100, 1, 2021/10/21, 07:56:51.937, 6026084013554, vstest.console.dll, AssemblyResolver.AddSearchDirectories: Adding more searchDirectories C:\Program Files\dotnet\sdk\5.0.402\Extensions,C:\Program Files\dotnet\sdk\5.0.402
TpTrace Information: 0 : 6100, 1, 2021/10/21, 07:56:51.937, 6026084014073, vstest.console.dll, AssemblyResolver.AddSearchDirectories: Adding more searchDirectories C:\Program Files\dotnet\sdk\5.0.402\Extensions,C:\Program Files\dotnet\sdk\5.0.402
TpTrace Information: 0 : 6100, 1, 2021/10/21, 07:56:51.937, 6026084014501, vstest.console.dll, AssemblyResolver.AddSearchDirectories: Adding more searchDirectories C:\Program Files\dotnet\sdk\5.0.402\Extensions,C:\Program Files\dotnet\sdk\5.0.402
TpTrace Information: 0 : 6100, 1, 2021/10/21, 07:56:51.937, 6026084014910, vstest.console.dll, AssemblyResolver.AddSearchDirectories: Adding more searchDirectories C:\Program Files\dotnet\sdk\5.0.402\Extensions,C:\Program Files\dotnet\sdk\5.0.402
TpTrace Information: 0 : 6100, 1, 2021/10/21, 07:56:51.937, 6026084015446, vstest.console.dll, AssemblyResolver.AddSearchDirectories: Adding more searchDirectories C:\Program Files\dotnet\sdk\5.0.402\Extensions,C:\Program Files\dotnet\sdk\5.0.402
TpTrace Information: 0 : 6100, 1, 2021/10/21, 07:56:51.937, 6026084015858, vstest.console.dll, AssemblyResolver.AddSearchDirectories: Adding more searchDirectories C:\Program Files\dotnet\sdk\5.0.402\Extensions,C:\Program Files\dotnet\sdk\5.0.402
TpTrace Information: 0 : 6100, 1, 2021/10/21, 07:56:51.937, 6026084019203, vstest.console.dll, AssemblyResolver.OnResolve: Microsoft.Bcl.AsyncInterfaces: Resolving assembly.
TpTrace Information: 0 : 6100, 1, 2021/10/21, 07:56:51.938, 6026084019968, vstest.console.dll, AssemblyResolver.OnResolve: Microsoft.Bcl.AsyncInterfaces: Resolved from cache.
TpTrace Verbose: 0 : 6100, 1, 2021/10/21, 07:56:51.938, 6026084020435, vstest.console.dll, CurrentDomainAssemblyResolve: Resolving assembly 'Microsoft.Bcl.AsyncInterfaces'.
TpTrace Information: 0 : 6100, 1, 2021/10/21, 07:56:51.938, 6026084021202, vstest.console.dll, AssemblyResolver.OnResolve: Microsoft.Bcl.AsyncInterfaces: Resolving assembly.
TpTrace Information: 0 : 6100, 1, 2021/10/21, 07:56:51.938, 6026084021700, vstest.console.dll, AssemblyResolver.OnResolve: Microsoft.Bcl.AsyncInterfaces: Resolved from cache.
TpTrace Verbose: 0 : 6100, 1, 2021/10/21, 07:56:51.938, 6026084022171, vstest.console.dll, CurrentDomainAssemblyResolve: Resolving assembly 'Microsoft.Bcl.AsyncInterfaces'.
TpTrace Verbose: 0 : 6100, 1, 2021/10/21, 07:56:51.938, 6026084022557, vstest.console.dll, CurrentDomainAssemblyResolve: Failed to resolve assembly 'Microsoft.Bcl.AsyncInterfaces'.
TpTrace Verbose: 0 : 6100, 1, 2021/10/21, 07:56:51.938, 6026084024583, vstest.console.dll, CurrentDomainAssemblyResolve: Failed to resolve assembly 'Microsoft.Bcl.AsyncInterfaces'.
TpTrace Warning: 0 : 6100, 1, 2021/10/21, 07:56:51.938, 6026084028205, vstest.console.dll, TestPluginDiscoverer: Failed to get types from assembly 'Microsoft.Diagnostics.NETCore.Client, Version=0.2.2.41902, Culture=neutral, PublicKeyToken=31bf3856ad364e35'.  Skipping test extension scan for this assembly.  Error: System.Reflection.ReflectionTypeLoadException: Unable to load one or more of the requested types.
Could not load file or assembly 'Microsoft.Bcl.AsyncInterfaces, Version=1.0.0.0, Culture=neutral, PublicKeyToken=cc7b13ffcd2ddd51'. The system cannot find the file specified.
   at System.Reflection.RuntimeModule.GetTypes(RuntimeModule module)
   at System.Reflection.RuntimeModule.GetTypes()
   at System.Reflection.Assembly.GetTypes()
   at Microsoft.VisualStudio.TestPlatform.Common.ExtensionFramework.TestPluginDiscoverer.GetTestExtensionsFromAssembly[TPluginInfo,TExtension](Assembly assembly, Dictionary`2 pluginInfos)
System.IO.FileNotFoundException: Could not load file or assembly 'Microsoft.Bcl.AsyncInterfaces, Version=1.0.0.0, Culture=neutral, PublicKeyToken=cc7b13ffcd2ddd51'. The system cannot find the file specified.
File name: 'Microsoft.Bcl.AsyncInterfaces, Version=1.0.0.0, Culture=neutral, PublicKeyToken=cc7b13ffcd2ddd51'
TpTrace Warning: 0 : 6100, 1, 2021/10/21, 07:56:51.938, 6026084028944, vstest.console.dll, LoaderExceptions: System.IO.FileNotFoundException: Could not load file or assembly 'Microsoft.Bcl.AsyncInterfaces, Version=1.0.0.0, Culture=neutral, PublicKeyToken=cc7b13ffcd2ddd51'. The system cannot find the file specified.
File name: 'Microsoft.Bcl.AsyncInterfaces, Version=1.0.0.0, Culture=neutral, PublicKeyToken=cc7b13ffcd2ddd51'
TpTrace Verbose: 0 : 6100, 1, 2021/10/21, 07:56:51.939, 6026084034102, vstest.console.dll, TestPluginCache: Discovered the extensions using extension path ''.
TpTrace Verbose: 0 : 6100, 1, 2021/10/21, 07:56:51.939, 6026084034717, vstest.console.dll, TestPluginCache: Discoverers are ''.
TpTrace Verbose: 0 : 6100, 1, 2021/10/21, 07:56:51.939, 6026084035104, vstest.console.dll, TestPluginCache: Executors are ''.
TpTrace Verbose: 0 : 6100, 1, 2021/10/21, 07:56:51.939, 6026084035561, vstest.console.dll, TestPluginCache: Executors2 are ''.
TpTrace Verbose: 0 : 6100, 1, 2021/10/21, 07:56:51.939, 6026084035905, vstest.console.dll, TestPluginCache: Setting providers are ''.
TpTrace Verbose: 0 : 6100, 1, 2021/10/21, 07:56:51.939, 6026084036820, vstest.console.dll, TestPluginCache: Loggers are 'logger://Microsoft/TestPlatform/Extensions/Blame/v1,logger://Microsoft/TestPlatform/HtmlLogger/v1,logger://Microsoft/TestPlatform/TrxLogger/v1'.
TpTrace Information: 0 : 6100, 1, 2021/10/21, 07:56:51.940, 6026084045676, vstest.console.dll, TestPluginManager.CreateTestExtension: Attempting to load test extension: Microsoft.TestPlatform.Extensions.BlameDataCollector.BlameLogger
TpTrace Information: 0 : 6100, 1, 2021/10/21, 07:56:51.952, 6026084161783, vstest.console.dll, TestPluginManager.CreateTestExtension: Attempting to load test extension: Microsoft.VisualStudio.TestPlatform.CrossPlatEngine.Hosting.DefaultTestHostManager
TpTrace Information: 0 : 6100, 1, 2021/10/21, 07:56:51.952, 6026084165337, vstest.console.dll, TestPluginManager.CreateTestExtension: Attempting to load test extension: Microsoft.VisualStudio.TestPlatform.CrossPlatEngine.Hosting.DotnetTestHostManager
TpTrace Verbose: 0 : 6100, 1, 2021/10/21, 07:56:51.954, 6026084187995, vstest.console.dll, TestEngine: Initializing Parallel Execution as MaxCpuCount is set to: 1
TpTrace Information: 0 : 6100, 1, 2021/10/21, 07:56:51.955, 6026084194173, vstest.console.dll, InferRunSettingsHelper.IsTestSettingsEnabled: Unable to navigate to RunSettings/MSTest. Current node: RunSettings
TpTrace Verbose: 0 : 6100, 1, 2021/10/21, 07:56:51.971, 6026084351208, vstest.console.dll, TestRequestSender is acting as server
TpTrace Verbose: 0 : 6100, 4, 2021/10/21, 07:56:51.975, 6026084398938, vstest.console.dll, DataCollectionRequestSender.InitializeCommunication : Initialize communication. 
TpTrace Information: 0 : 6100, 4, 2021/10/21, 07:56:51.995, 6026084597351, vstest.console.dll, Listening on Endpoint : 127.0.0.1:63419
TpTrace Verbose: 0 : 6100, 4, 2021/10/21, 07:56:52.011, 6026084758611, vstest.console.dll, DotnetDataCollectionLauncher: Full path of dotnet.exe is C:\Program Files\dotnet\dotnet.exe
TpTrace Verbose: 0 : 6100, 4, 2021/10/21, 07:56:52.012, 6026084760882, vstest.console.dll, DotnetDataCollectionLauncher: Adding  --runtimeconfig "C:\Program Files\dotnet\sdk\5.0.402\datacollector.runtimeconfig.json" in args
TpTrace Verbose: 0 : 6100, 4, 2021/10/21, 07:56:52.012, 6026084762243, vstest.console.dll, DotnetDataCollectionLauncher: Adding  --depsfile "C:\Program Files\dotnet\sdk\5.0.402\datacollector.deps.json" in args
TpTrace Information: 0 : 6100, 4, 2021/10/21, 07:56:52.026, 6026084903529, vstest.console.dll, ProxyDataCollectionManager.Initialize: Launched datacollector processId: 26048 port: 63419
TpTrace Information: 0 : 6100, 4, 2021/10/21, 07:56:52.026, 6026084905972, vstest.console.dll, ProxyDataCollectionManager.Initialize: waiting for connection with timeout: 90 seconds
TpTrace Verbose: 0 : 6100, 4, 2021/10/21, 07:56:52.026, 6026084907386, vstest.console.dll, DataCollectionRequestSender.WaitForRequestHandlerConnection : Waiting for connection with timeout: 90000
TpTrace Information: 0 : 6100, 7, 2021/10/21, 07:56:52.242, 6026087059779, vstest.console.dll, Using the buffer size of 16384 bytes
TpTrace Verbose: 0 : 6100, 4, 2021/10/21, 07:56:52.242, 6026087060838, vstest.console.dll, ProxyDataCollectionManager.InvokeDataCollectionServiceAction: Starting.
TpTrace Information: 0 : 6100, 7, 2021/10/21, 07:56:52.242, 6026087061472, vstest.console.dll, Accepted Client request and set the flag
TpTrace Information: 0 : 6100, 4, 2021/10/21, 07:56:52.242, 6026087063284, vstest.console.dll, ProxyDataCollectionManager.BeforeTestRunStart: Get environment variable and port for datacollector processId: 26048 port: 63419
TpTrace Verbose: 0 : 6100, 4, 2021/10/21, 07:56:52.242, 6026087065130, vstest.console.dll, DataCollectionRequestSender.SendBeforeTestRunStartAndGetResult : Send BeforeTestRunStart message with settingsXml <RunSettings><RunConfiguration><ResultsDirectory>C:\Users\hishore\Downloads\AuditManagementProject-master\AuditManagementProject-master\AuditBenchmarkTestProject\bin\Debug\net5.0\fine-code-coverage\coverage-tool-output</ResultsDirectory><TargetPlatform>X64</TargetPlatform><TargetFrameworkVersion>.NETCoreApp,Version=v5.0</TargetFrameworkVersion><DesignMode>False</DesignMode><CollectSourceInformation>False</CollectSourceInformation><TestAdaptersPaths>C:\Program Files\dotnet\sdk\5.0.402\Extensions</TestAdaptersPaths></RunConfiguration><LoggerRunSettings><Loggers><Logger friendlyName="blame" enabled="True" /><Logger friendlyName="Console" uri="logger://microsoft/TestPlatform/ConsoleLogger/v1" assemblyQualifiedName="Microsoft.VisualStudio.TestPlatform.CommandLine.Internal.ConsoleLogger, vstest.console, Version=15.0.0.0, Culture=neutral, PublicKeyToken=b03f5f7f11d50a3a" codeBase="C:\Program Files\dotnet\sdk\5.0.402\vstest.console.dll" enabled="True" /></Loggers></LoggerRunSettings><DataCollectionRunSettings><DataCollectors><DataCollector friendlyName="blame" enabled="True"><Configuration><ResultsDirectory>C:\Users\hishore\Downloads\AuditManagementProject-master\AuditManagementProject-master\AuditBenchmarkTestProject\bin\Debug\net5.0\fine-code-coverage\coverage-tool-output</ResultsDirectory></Configuration></DataCollector></DataCollectors></DataCollectionRunSettings></RunSettings> and sources System.Linq.Enumerable+Concat2Iterator`1[System.String]: 
TpTrace Verbose: 0 : 6100, 4, 2021/10/21, 07:56:52.366, 6026088302323, vstest.console.dll, DataCollectionRequestSender.SendBeforeTestRunStartAndGetResult : Received message: (DataCollection.SendMessage) -> {
  "FriendlyName": null,
  "Uri": null,
  "TestCaseId": "00000000-0000-0000-0000-000000000000",
  "Message": "Logging DataCollector Diagnostics in file: C:\\Users\\hishore\\Downloads\\AuditManagementProject-master\\AuditManagementProject-master\\AuditBenchmarkTestProject\\bin\\Debug\\net5.0\\fine-code-coverage\\coverage-tool-output\\diagnostics.datacollector.21-10-21_07-56-52_00506_4.log",
  "Level": 0
}
TpTrace Verbose: 0 : 6100, 4, 2021/10/21, 07:56:52.489, 6026089530343, vstest.console.dll, DataCollectionRequestSender.SendBeforeTestRunStartAndGetResult : Received message: (DataCollection.BeforeTestRunStartResult) -> {
  "EnvironmentVariables": {},
  "DataCollectionEventsPort": 63421
}
TpTrace Information: 0 : 6100, 4, 2021/10/21, 07:56:52.495, 6026089596357, vstest.console.dll, ProxyDataCollectionManager.BeforeTestRunStart: SendBeforeTestRunStartAndGetResult successful, env variable from datacollector:   and testhost port: 63421
TpTrace Information: 0 : 6100, 4, 2021/10/21, 07:56:52.495, 6026089597946, vstest.console.dll, ProxyDataCollectionManager.InvokeDataCollectionServiceAction: Completed.
TpTrace Verbose: 0 : 6100, 1, 2021/10/21, 07:56:52.496, 6026089600070, vstest.console.dll, TestRunRequest.ExecuteAsync: Creating test run request.
TpTrace Verbose: 0 : 6100, 1, 2021/10/21, 07:56:52.496, 6026089603755, vstest.console.dll, TestRunRequest.ExecuteAsync: Starting.
TpTrace Information: 0 : 6100, 1, 2021/10/21, 07:56:52.497, 6026089610340, vstest.console.dll, TestRunRequest.ExecuteAsync: Starting run with settings:TestRunCriteria:
   KeepAlive=False,FrequencyOfRunStatsChangeEvent=10,RunStatsChangeEventTimeout=00:00:01.5000000,TestCaseFilter=,TestExecutorLauncher=
   Settingsxml=<RunSettings>
  <RunConfiguration>
    <ResultsDirectory>C:\Users\hishore\Downloads\AuditManagementProject-master\AuditManagementProject-master\AuditBenchmarkTestProject\bin\Debug\net5.0\fine-code-coverage\coverage-tool-output</ResultsDirectory>
    <TargetPlatform>X64</TargetPlatform>
    <TargetFrameworkVersion>.NETCoreApp,Version=v5.0</TargetFrameworkVersion>
    <DesignMode>False</DesignMode>
    <CollectSourceInformation>False</CollectSourceInformation>
  </RunConfiguration>
  <LoggerRunSettings>
    <Loggers>
      <Logger friendlyName="blame" enabled="True" />
      <Logger friendlyName="Console" uri="logger://microsoft/TestPlatform/ConsoleLogger/v1" assemblyQualifiedName="Microsoft.VisualStudio.TestPlatform.CommandLine.Internal.ConsoleLogger, vstest.console, Version=15.0.0.0, Culture=neutral, PublicKeyToken=b03f5f7f11d50a3a" codeBase="C:\Program Files\dotnet\sdk\5.0.402\vstest.console.dll" enabled="True" />
    </Loggers>
  </LoggerRunSettings>
  <DataCollectionRunSettings>
    <DataCollectors>
      <DataCollector friendlyName="blame" enabled="True">
        <Configuration>
          <ResultsDirectory>C:\Users\hishore\Downloads\AuditManagementProject-master\AuditManagementProject-master\AuditBenchmarkTestProject\bin\Debug\net5.0\fine-code-coverage\coverage-tool-output</ResultsDirectory>
        </Configuration>
      </DataCollector>
    </DataCollectors>
  </DataCollectionRunSettings>
</RunSettings>

TpTrace Verbose: 0 : 6100, 1, 2021/10/21, 07:56:52.497, 6026089611906, vstest.console.dll, TestRunRequest.ExecuteAsync: Wait for the first run request is over.
TpTrace Verbose: 0 : 6100, 1, 2021/10/21, 07:56:52.498, 6026089620982, vstest.console.dll, ParallelProxyExecutionManager: Start execution. Total sources: 1
TpTrace Information: 0 : 6100, 1, 2021/10/21, 07:56:52.499, 6026089635427, vstest.console.dll, ProxyParallelExecutionManager: Triggering test run for next source: C:\Users\hishore\Downloads\AuditManagementProject-master\AuditManagementProject-master\AuditBenchmarkTestProject\bin\Debug\net5.0\fine-code-coverage\build-output\AuditBenchmarkTestProject.dll
TpTrace Verbose: 0 : 6100, 4, 2021/10/21, 07:56:52.499, 6026089638656, vstest.console.dll, ParallelProxyExecutionManager: Execution started. Started clients: 1
TpTrace Verbose: 0 : 6100, 1, 2021/10/21, 07:56:52.500, 6026089639772, vstest.console.dll, ProxyParallelExecutionManager: No sources available for execution.
TpTrace Information: 0 : 6100, 1, 2021/10/21, 07:56:52.500, 6026089641060, vstest.console.dll, TestRunRequest.ExecuteAsync: Started.
TpTrace Verbose: 0 : 6100, 1, 2021/10/21, 07:56:52.500, 6026089642574, vstest.console.dll, TestRunRequest.WaitForCompletion: Waiting with timeout -1.
TpTrace Verbose: 0 : 6100, 4, 2021/10/21, 07:56:52.500, 6026089644530, vstest.console.dll, TestRunRequest:SendTestRunMessage: Starting.
TpTrace Information: 0 : 6100, 4, 2021/10/21, 07:56:52.500, 6026089646727, vstest.console.dll, TestRunRequest:SendTestRunMessage: Completed.
TpTrace Verbose: 0 : 6100, 4, 2021/10/21, 07:56:52.501, 6026089650574, vstest.console.dll, ProxyExecutionManager: Test host is always Lazy initialize.
TpTrace Verbose: 0 : 6100, 4, 2021/10/21, 07:56:52.501, 6026089654097, vstest.console.dll, TestRequestSender.InitializeCommunication: initialize communication. 
TpTrace Information: 0 : 6100, 4, 2021/10/21, 07:56:52.502, 6026089662249, vstest.console.dll, SocketServer.Start: Listening on endpoint : 127.0.0.1:63422
TpTrace Verbose: 0 : 6100, 4, 2021/10/21, 07:56:52.503, 6026089672701, vstest.console.dll, DotnetTestHostmanager: Adding  --runtimeconfig "C:\Users\hishore\Downloads\AuditManagementProject-master\AuditManagementProject-master\AuditBenchmarkTestProject\bin\Debug\net5.0\fine-code-coverage\build-output\AuditBenchmarkTestProject.runtimeconfig.json" in args
TpTrace Verbose: 0 : 6100, 4, 2021/10/21, 07:56:52.503, 6026089674295, vstest.console.dll, DotnetTestHostmanager: Adding  --depsfile "C:\Users\hishore\Downloads\AuditManagementProject-master\AuditManagementProject-master\AuditBenchmarkTestProject\bin\Debug\net5.0\fine-code-coverage\build-output\AuditBenchmarkTestProject.deps.json" in args
TpTrace Verbose: 0 : 6100, 4, 2021/10/21, 07:56:52.503, 6026089677412, vstest.console.dll, DotnetTestHostManager: Testhost.exe/testhost.x86.exe found at path: C:\Users\hishore\Downloads\AuditManagementProject-master\AuditManagementProject-master\AuditBenchmarkTestProject\bin\Debug\net5.0\fine-code-coverage\build-output\testhost.exe
TpTrace Verbose: 0 : 6100, 4, 2021/10/21, 07:56:52.503, 6026089678189, vstest.console.dll, DotnetTestHostmanager: Full path of host exe is C:\Users\hishore\Downloads\AuditManagementProject-master\AuditManagementProject-master\AuditBenchmarkTestProject\bin\Debug\net5.0\fine-code-coverage\build-output\testhost.exe
TpTrace Verbose: 0 : 6100, 6, 2021/10/21, 07:56:52.505, 6026089696080, vstest.console.dll, DotnetTestHostManager: Starting process 'C:\Users\hishore\Downloads\AuditManagementProject-master\AuditManagementProject-master\AuditBenchmarkTestProject\bin\Debug\net5.0\fine-code-coverage\build-output\testhost.exe' with command line ' --runtimeconfig "C:\Users\hishore\Downloads\AuditManagementProject-master\AuditManagementProject-master\AuditBenchmarkTestProject\bin\Debug\net5.0\fine-code-coverage\build-output\AuditBenchmarkTestProject.runtimeconfig.json" --depsfile "C:\Users\hishore\Downloads\AuditManagementProject-master\AuditManagementProject-master\AuditBenchmarkTestProject\bin\Debug\net5.0\fine-code-coverage\build-output\AuditBenchmarkTestProject.deps.json" --port 63422 --endpoint 127.0.0.1:063422 --role client --parentprocessid 6100 --diag "C:\Users\hishore\Downloads\AuditManagementProject-master\AuditManagementProject-master\AuditBenchmarkTestProject\bin\Debug\net5.0\fine-code-coverage\coverage-tool-output\diagnostics.host.21-10-21_07-56-52_50269_4.log" --tracelevel 4 --datacollectionport 63421 --telemetryoptedin false'
TpTrace Verbose: 0 : 6100, 6, 2021/10/21, 07:56:52.518, 6026089821979, vstest.console.dll, Test Runtime launched
TpTrace Verbose: 0 : 6100, 4, 2021/10/21, 07:56:52.519, 6026089833776, vstest.console.dll, TestRequestSender.WaitForRequestHandlerConnection: waiting for connection with timeout: 90000
TpTrace Verbose: 0 : 6100, 10, 2021/10/21, 07:56:52.823, 6026092876161, vstest.console.dll, SocketServer.OnClientConnected: Client connected for endPoint: 127.0.0.1:63422, starting MessageLoopAsync:
TpTrace Verbose: 0 : 6100, 10, 2021/10/21, 07:56:52.824, 6026092880043, vstest.console.dll, TcpClientExtensions.MessageLoopAsync: Polling on remoteEndPoint: 127.0.0.1:63423 localEndPoint: 127.0.0.1:63422
TpTrace Verbose: 0 : 6100, 10, 2021/10/21, 07:56:53.037, 6026095019137, vstest.console.dll, TcpClientExtensions.MessageLoopAsync: NotifyDataAvailable remoteEndPoint: 127.0.0.1:63423 localEndPoint: 127.0.0.1:63422
TpTrace Verbose: 0 : 6100, 10, 2021/10/21, 07:56:53.038, 6026095021893, vstest.console.dll, TestRequestSender.CheckVersionWithTestHost: onMessageReceived received message: (ProtocolVersion) -> 5
TpTrace Verbose: 0 : 6100, 10, 2021/10/21, 07:56:53.038, 6026095026600, vstest.console.dll, TcpClientExtensions.MessageLoopAsync: Polling on remoteEndPoint: 127.0.0.1:63423 localEndPoint: 127.0.0.1:63422
TpTrace Verbose: 0 : 6100, 4, 2021/10/21, 07:56:53.038, 6026095028312, vstest.console.dll, TestPluginCache.GetExtensionPaths: Filtered extension paths: 
TpTrace Verbose: 0 : 6100, 4, 2021/10/21, 07:56:53.038, 6026095029303, vstest.console.dll, TestPluginCache.GetExtensionPaths: Added default extension paths: C:\Program Files\dotnet\sdk\5.0.402\Extensions\Microsoft.Diagnostics.NETCore.Client.dll
C:\Program Files\dotnet\sdk\5.0.402\Extensions\Microsoft.TestPlatform.Extensions.BlameDataCollector.dll
C:\Program Files\dotnet\sdk\5.0.402\Extensions\Microsoft.TestPlatform.Extensions.EventLogCollector.dll
C:\Program Files\dotnet\sdk\5.0.402\Extensions\Microsoft.TestPlatform.TestHostRuntimeProvider.dll
C:\Program Files\dotnet\sdk\5.0.402\Extensions\Microsoft.VisualStudio.TestPlatform.Extensions.Html.TestLogger.dll
C:\Program Files\dotnet\sdk\5.0.402\Extensions\Microsoft.VisualStudio.TestPlatform.Extensions.Trx.TestLogger.dll
TpTrace Verbose: 0 : 6100, 4, 2021/10/21, 07:56:53.039, 6026095030138, vstest.console.dll, TestPluginCache.GetExtensionPaths: Added unfilterableExtensionPaths: 
TpTrace Verbose: 0 : 6100, 4, 2021/10/21, 07:56:53.044, 6026095088082, vstest.console.dll, TestRequestSender.InitializeExecution: Sending initializing execution with message: {"Version":5,"MessageType":"TestExecution.Initialize","Payload":["C:\\Users\\hishore\\Downloads\\AuditManagementProject-master\\AuditManagementProject-master\\AuditBenchmarkTestProject\\bin\\Debug\\net5.0\\fine-code-coverage\\build-output\\NUnit3.TestAdapter.dll"]}
TpTrace Verbose: 0 : 6100, 10, 2021/10/21, 07:56:53.058, 6026095227958, vstest.console.dll, TcpClientExtensions.MessageLoopAsync: NotifyDataAvailable remoteEndPoint: 127.0.0.1:63423 localEndPoint: 127.0.0.1:63422
TpTrace Verbose: 0 : 6100, 10, 2021/10/21, 07:56:53.059, 6026095230331, vstest.console.dll, TestRequestSender.OnExecutionMessageReceived: Received message: {"Version":5,"MessageType":"TestSession.Message","Payload":{"MessageLevel":0,"Message":"Logging TestHost Diagnostics in file: C:\\Users\\hishore\\Downloads\\AuditManagementProject-master\\AuditManagementProject-master\\AuditBenchmarkTestProject\\bin\\Debug\\net5.0\\fine-code-coverage\\coverage-tool-output\\diagnostics.host.21-10-21_07-56-52_50269_4.log"}}
TpTrace Verbose: 0 : 6100, 4, 2021/10/21, 07:56:53.059, 6026095232907, vstest.console.dll, TestRequestSender.StartTestRun: Sending test run with message: {"Version":5,"MessageType":"TestExecution.StartWithSources","Payload":{"AdapterSourceMap":{"_none_":["C:\\Users\\hishore\\Downloads\\AuditManagementProject-master\\AuditManagementProject-master\\AuditBenchmarkTestProject\\bin\\Debug\\net5.0\\fine-code-coverage\\build-output\\AuditBenchmarkTestProject.dll"]},"RunSettings":"<RunSettings>\r\n  <RunConfiguration>\r\n    <ResultsDirectory>C:\\Users\\hishore\\Downloads\\AuditManagementProject-master\\AuditManagementProject-master\\AuditBenchmarkTestProject\\bin\\Debug\\net5.0\\fine-code-coverage\\coverage-tool-output</ResultsDirectory>\r\n    <TargetPlatform>X64</TargetPlatform>\r\n    <TargetFrameworkVersion>.NETCoreApp,Version=v5.0</TargetFrameworkVersion>\r\n    <DesignMode>False</DesignMode>\r\n    <CollectSourceInformation>False</CollectSourceInformation>\r\n  </RunConfiguration>\r\n  <LoggerRunSettings>\r\n    <Loggers>\r\n      <Logger friendlyName=\"blame\" enabled=\"True\" />\r\n      <Logger friendlyName=\"Console\" uri=\"logger://microsoft/TestPlatform/ConsoleLogger/v1\" assemblyQualifiedName=\"Microsoft.VisualStudio.TestPlatform.CommandLine.Internal.ConsoleLogger, vstest.console, Version=15.0.0.0, Culture=neutral, PublicKeyToken=b03f5f7f11d50a3a\" codeBase=\"C:\\Program Files\\dotnet\\sdk\\5.0.402\\vstest.console.dll\" enabled=\"True\" />\r\n    </Loggers>\r\n  </LoggerRunSettings>\r\n  <DataCollectionRunSettings>\r\n    <DataCollectors>\r\n      <DataCollector friendlyName=\"blame\" enabled=\"True\">\r\n        <Configuration>\r\n          <ResultsDirectory>C:\\Users\\hishore\\Downloads\\AuditManagementProject-master\\AuditManagementProject-master\\AuditBenchmarkTestProject\\bin\\Debug\\net5.0\\fine-code-coverage\\coverage-tool-output</ResultsDirectory>\r\n        </Configuration>\r\n      </DataCollector>\r\n    </DataCollectors>\r\n  </DataCollectionRunSettings>\r\n</RunSettings>","TestExecutionContext":{"FrequencyOfRunStatsChangeEvent":10,"RunStatsChangeEventTimeout":"00:00:01.5000000","InIsolation":false,"KeepAlive":false,"AreTestCaseLevelEventsRequired":false,"IsDebug":false,"TestCaseFilter":null,"FilterOptions":null},"Package":null}}
TpTrace Verbose: 0 : 6100, 10, 2021/10/21, 07:56:53.063, 6026095271425, vstest.console.dll, TestRunRequest:SendTestRunMessage: Starting.
TpTrace Information: 0 : 6100, 10, 2021/10/21, 07:56:53.063, 6026095273749, vstest.console.dll, TestRunRequest:SendTestRunMessage: Completed.
TpTrace Verbose: 0 : 6100, 10, 2021/10/21, 07:56:53.063, 6026095275024, vstest.console.dll, TcpClientExtensions.MessageLoopAsync: Polling on remoteEndPoint: 127.0.0.1:63423 localEndPoint: 127.0.0.1:63422
TpTrace Verbose: 0 : 6100, 10, 2021/10/21, 07:56:53.326, 6026097908022, vstest.console.dll, TcpClientExtensions.MessageLoopAsync: NotifyDataAvailable remoteEndPoint: 127.0.0.1:63423 localEndPoint: 127.0.0.1:63422
TpTrace Verbose: 0 : 6100, 10, 2021/10/21, 07:56:53.327, 6026097909728, vstest.console.dll, TestRequestSender.OnExecutionMessageReceived: Received message: {"Version":5,"MessageType":"TestSession.Message","Payload":{"MessageLevel":0,"Message":"NUnit Adapter 3.17.0.0: Test execution started"}}
TpTrace Verbose: 0 : 6100, 10, 2021/10/21, 07:56:53.327, 6026097914475, vstest.console.dll, TestRunRequest:SendTestRunMessage: Starting.
TpTrace Information: 0 : 6100, 10, 2021/10/21, 07:56:53.327, 6026097915779, vstest.console.dll, TestRunRequest:SendTestRunMessage: Completed.
TpTrace Verbose: 0 : 6100, 10, 2021/10/21, 07:56:53.327, 6026097916627, vstest.console.dll, TcpClientExtensions.MessageLoopAsync: Polling on remoteEndPoint: 127.0.0.1:63423 localEndPoint: 127.0.0.1:63422
TpTrace Verbose: 0 : 6100, 10, 2021/10/21, 07:56:53.384, 6026098481256, vstest.console.dll, TcpClientExtensions.MessageLoopAsync: NotifyDataAvailable remoteEndPoint: 127.0.0.1:63423 localEndPoint: 127.0.0.1:63422
TpTrace Verbose: 0 : 6100, 10, 2021/10/21, 07:56:53.384, 6026098483165, vstest.console.dll, TestRequestSender.OnExecutionMessageReceived: Received message: {"Version":5,"MessageType":"TestSession.Message","Payload":{"MessageLevel":0,"Message":"Running all tests in C:\\Users\\hishore\\Downloads\\AuditManagementProject-master\\AuditManagementProject-master\\AuditBenchmarkTestProject\\bin\\Debug\\net5.0\\fine-code-coverage\\build-output\\AuditBenchmarkTestProject.dll"}}
TpTrace Verbose: 0 : 6100, 10, 2021/10/21, 07:56:53.384, 6026098486521, vstest.console.dll, TestRunRequest:SendTestRunMessage: Starting.
TpTrace Information: 0 : 6100, 10, 2021/10/21, 07:56:53.384, 6026098487721, vstest.console.dll, TestRunRequest:SendTestRunMessage: Completed.
TpTrace Verbose: 0 : 6100, 10, 2021/10/21, 07:56:53.384, 6026098488513, vstest.console.dll, TcpClientExtensions.MessageLoopAsync: Polling on remoteEndPoint: 127.0.0.1:63423 localEndPoint: 127.0.0.1:63422
TpTrace Verbose: 0 : 6100, 10, 2021/10/21, 07:56:53.683, 6026101479379, vstest.console.dll, TcpClientExtensions.MessageLoopAsync: NotifyDataAvailable remoteEndPoint: 127.0.0.1:63423 localEndPoint: 127.0.0.1:63422
TpTrace Verbose: 0 : 6100, 10, 2021/10/21, 07:56:53.684, 6026101481026, vstest.console.dll, TestRequestSender.OnExecutionMessageReceived: Received message: {"Version":5,"MessageType":"TestSession.Message","Payload":{"MessageLevel":0,"Message":"   NUnit3TestExecutor discovered 4 of 4 NUnit test cases"}}
TpTrace Verbose: 0 : 6100, 10, 2021/10/21, 07:56:53.684, 6026101483296, vstest.console.dll, TestRunRequest:SendTestRunMessage: Starting.
TpTrace Information: 0 : 6100, 10, 2021/10/21, 07:56:53.684, 6026101484202, vstest.console.dll, TestRunRequest:SendTestRunMessage: Completed.
TpTrace Verbose: 0 : 6100, 10, 2021/10/21, 07:56:53.684, 6026101484967, vstest.console.dll, TcpClientExtensions.MessageLoopAsync: Polling on remoteEndPoint: 127.0.0.1:63423 localEndPoint: 127.0.0.1:63422
TpTrace Verbose: 0 : 6100, 10, 2021/10/21, 07:56:53.838, 6026103027618, vstest.console.dll, TcpClientExtensions.MessageLoopAsync: NotifyDataAvailable remoteEndPoint: 127.0.0.1:63423 localEndPoint: 127.0.0.1:63422
TpTrace Verbose: 0 : 6100, 10, 2021/10/21, 07:56:53.838, 6026103029523, vstest.console.dll, TestRequestSender.OnExecutionMessageReceived: Received message: {"Version":5,"MessageType":"TestSession.Message","Payload":{"MessageLevel":0,"Message":"NUnit Adapter 3.17.0.0: Test execution complete"}}
TpTrace Verbose: 0 : 6100, 10, 2021/10/21, 07:56:53.839, 6026103032413, vstest.console.dll, TestRunRequest:SendTestRunMessage: Starting.
TpTrace Information: 0 : 6100, 10, 2021/10/21, 07:56:53.839, 6026103033552, vstest.console.dll, TestRunRequest:SendTestRunMessage: Completed.
TpTrace Verbose: 0 : 6100, 10, 2021/10/21, 07:56:53.839, 6026103034289, vstest.console.dll, TcpClientExtensions.MessageLoopAsync: Polling on remoteEndPoint: 127.0.0.1:63423 localEndPoint: 127.0.0.1:63422
TpTrace Verbose: 0 : 6100, 10, 2021/10/21, 07:56:53.906, 6026103699878, vstest.console.dll, TcpClientExtensions.MessageLoopAsync: NotifyDataAvailable remoteEndPoint: 127.0.0.1:63423 localEndPoint: 127.0.0.1:63422
TpTrace Verbose: 0 : 6100, 10, 2021/10/21, 07:56:53.906, 6026103703192, vstest.console.dll, TestRequestSender.OnExecutionMessageReceived: Received message: {"Version":5,"MessageType":"TestExecution.Completed","Payload":{"TestRunCompleteArgs":{"TestRunStatistics":{"ExecutedTests":4,"Stats":{"Passed":1,"Failed":3}},"IsCanceled":false,"IsAborted":false,"Error":null,"AttachmentSets":[],"ElapsedTimeInRunningTests":"00:00:00.5451237","Metrics":{}},"LastRunTests":{"NewTestResults":[{"TestCase":{"Id":"d7347491-680a-5f50-710a-431a280b764c","FullyQualifiedName":"AuditBenchmarkTestProject.Tests.GetInternalCount","DisplayName":"GetInternalCount","ExecutorUri":"executor://NUnit3TestExecutor","Source":"C:\\Users\\hishore\\Downloads\\AuditManagementProject-master\\AuditManagementProject-master\\AuditBenchmarkTestProject\\bin\\Debug\\net5.0\\fine-code-coverage\\build-output\\AuditBenchmarkTestProject.dll","CodeFilePath":null,"LineNumber":0,"Properties":[]},"Attachments":[],"Outcome":1,"ErrorMessage":null,"ErrorStackTrace":null,"DisplayName":"GetInternalCount","Messages":[],"ComputerName":"DESKTOP-I4BB9FK","Duration":"00:00:00.0205500","StartTime":"2021-10-21T02:26:53.7273814+00:00","EndTime":"2021-10-21T02:26:53.7477969+00:00","Properties":[]},{"TestCase":{"Id":"d4b1fb6a-1429-4b84-0871-5f88314f87a7","FullyQualifiedName":"AuditBenchmarkTestProject.Tests.GetInternalCountFail","DisplayName":"GetInternalCountFail","ExecutorUri":"executor://NUnit3TestExecutor","Source":"C:\\Users\\hishore\\Downloads\\AuditManagementProject-master\\AuditManagementProject-master\\AuditBenchmarkTestProject\\bin\\Debug\\net5.0\\fine-code-coverage\\build-output\\AuditBenchmarkTestProject.dll","CodeFilePath":null,"LineNumber":0,"Properties":[]},"Attachments":[],"Outcome":2,"ErrorMessage":"System.ArgumentException : An item with the same key has already been added. Key: Internal","ErrorStackTrace":"   at System.Collections.Generic.Dictionary`2.TryInsert(TKey key, TValue value, InsertionBehavior behavior)\r\n   at System.Collections.Generic.Dictionary`2.Add(TKey key, TValue value)\r\n   at AuditBenchmarkWebAPI.Repository.BenchmarkRepo.GetNoCount() in C:\\Users\\hishore\\Downloads\\AuditManagementProject-master\\AuditManagementProject-master\\AuditBenckmarkWebAPI\\Repository\\BenchmarkRepo.cs:line 28\r\n   at AuditBenchmarkTestProject.Tests.GetInternalCountFail() in C:\\Users\\hishore\\Downloads\\AuditManagementProject-master\\AuditManagementProject-master\\AuditBenchmarkTestProject\\UnitTest1.cs:line 32","DisplayName":"GetInternalCountFail","Messages":[],"ComputerName":"DESKTOP-I4BB9FK","Duration":"00:00:00.0283150","StartTime":"2021-10-21T02:26:53.7504069+00:00","EndTime":"2021-10-21T02:26:53.7787216+00:00","Properties":[]},{"TestCase":{"Id":"0b2ebc77-7bfb-1434-7b22-4f5d2302d4f8","FullyQualifiedName":"AuditBenchmarkTestProject.Tests.GetSOXCount","DisplayName":"GetSOXCount","ExecutorUri":"executor://NUnit3TestExecutor","Source":"C:\\Users\\hishore\\Downloads\\AuditManagementProject-master\\AuditManagementProject-master\\AuditBenchmarkTestProject\\bin\\Debug\\net5.0\\fine-code-coverage\\build-output\\AuditBenchmarkTestProject.dll","CodeFilePath":null,"LineNumber":0,"Properties":[]},"Attachments":[],"Outcome":2,"ErrorMessage":"System.ArgumentException : An item with the same key has already been added. Key: Internal","ErrorStackTrace":"   at System.Collections.Generic.Dictionary`2.TryInsert(TKey key, TValue value, InsertionBehavior behavior)\r\n   at System.Collections.Generic.Dictionary`2.Add(TKey key, TValue value)\r\n   at AuditBenchmarkWebAPI.Repository.BenchmarkRepo.GetNoCount() in C:\\Users\\hishore\\Downloads\\AuditManagementProject-master\\AuditManagementProject-master\\AuditBenckmarkWebAPI\\Repository\\BenchmarkRepo.cs:line 28\r\n   at AuditBenchmarkTestProject.Tests.GetSOXCount() in C:\\Users\\hishore\\Downloads\\AuditManagementProject-master\\AuditManagementProject-master\\AuditBenchmarkTestProject\\UnitTest1.cs:line 42","DisplayName":"GetSOXCount","Messages":[],"ComputerName":"DESKTOP-I4BB9FK","Duration":"00:00:00.0010050","StartTime":"2021-10-21T02:26:53.7789139+00:00","EndTime":"2021-10-21T02:26:53.7799181+00:00","Properties":[]},{"TestCase":{"Id":"dda8c8a2-26d6-509a-87d7-8900f19594d2","FullyQualifiedName":"AuditBenchmarkTestProject.Tests.GetSOXCountFail","DisplayName":"GetSOXCountFail","ExecutorUri":"executor://NUnit3TestExecutor","Source":"C:\\Users\\hishore\\Downloads\\AuditManagementProject-master\\AuditManagementProject-master\\AuditBenchmarkTestProject\\bin\\Debug\\net5.0\\fine-code-coverage\\build-output\\AuditBenchmarkTestProject.dll","CodeFilePath":null,"LineNumber":0,"Properties":[]},"Attachments":[],"Outcome":2,"ErrorMessage":"System.ArgumentException : An item with the same key has already been added. Key: Internal","ErrorStackTrace":"   at System.Collections.Generic.Dictionary`2.TryInsert(TKey key, TValue value, InsertionBehavior behavior)\r\n   at System.Collections.Generic.Dictionary`2.Add(TKey key, TValue value)\r\n   at AuditBenchmarkWebAPI.Repository.BenchmarkRepo.GetNoCount() in C:\\Users\\hishore\\Downloads\\AuditManagementProject-master\\AuditManagementProject-master\\AuditBenckmarkWebAPI\\Repository\\BenchmarkRepo.cs:line 28\r\n   at AuditBenchmarkTestProject.Tests.GetSOXCountFail() in C:\\Users\\hishore\\Downloads\\AuditManagementProject-master\\AuditManagementProject-master\\AuditBenchmarkTestProject\\UnitTest1.cs:line 52","DisplayName":"GetSOXCountFail","Messages":[],"ComputerName":"DESKTOP-I4BB9FK","Duration":"00:00:00.0008760","StartTime":"2021-10-21T02:26:53.7799404+00:00","EndTime":"2021-10-21T02:26:53.7808154+00:00","Properties":[]}],"TestRunStatistics":{"ExecutedTests":4,"Stats":{"Passed":1,"Failed":3}},"ActiveTests":[]},"RunAttachments":[],"ExecutorUris":["executor://nunit3testexecutor/"]}}
TpTrace Verbose: 0 : 6100, 10, 2021/10/21, 07:56:53.909, 6026103736841, vstest.console.dll, TestRequestSender.EndSession: Sending end session.
TpTrace Verbose: 0 : 6100, 10, 2021/10/21, 07:56:53.910, 6026103740946, vstest.console.dll, ProxyOperationManager.Close: waiting for test host to exit for 100 ms
TpTrace Warning: 0 : 6100, 6, 2021/10/21, 07:56:53.985, 6026104491594, vstest.console.dll, TestHostManagerCallbacks.ErrorReceivedCallback Test host standard error line: 
TpTrace Verbose: 0 : 6100, 7, 2021/10/21, 07:56:53.998, 6026104623111, vstest.console.dll, TestHostProvider.ExitCallBack: Host exited starting callback.
TpTrace Information: 0 : 6100, 7, 2021/10/21, 07:56:53.998, 6026104629530, vstest.console.dll, TestHostManagerCallbacks.ExitCallBack: Testhost processId: 24952 exited with exitcode: 0 error: ''
TpTrace Verbose: 0 : 6100, 7, 2021/10/21, 07:56:53.999, 6026104630406, vstest.console.dll, DotnetTestHostManager.OnHostExited: invoking OnHostExited callback
TpTrace Verbose: 0 : 6100, 7, 2021/10/21, 07:56:53.999, 6026104630995, vstest.console.dll, CrossPlatEngine.TestHostManagerHostExited: calling on client process exit callback.
TpTrace Information: 0 : 6100, 7, 2021/10/21, 07:56:53.999, 6026104631713, vstest.console.dll, TestRequestSender.OnClientProcessExit: Test host process exited. Standard error: 
TpTrace Warning: 0 : 6100, 10, 2021/10/21, 07:56:53.999, 6026104631713, vstest.console.dll, ProxyOperationManager: Timed out waiting for test host to exit. Will terminate process.
TpTrace Information: 0 : 6100, 7, 2021/10/21, 07:56:53.999, 6026104632772, vstest.console.dll, SocketServer.Stop: Stop server endPoint: 127.0.0.1:63422
TpTrace Information: 0 : 6100, 7, 2021/10/21, 07:56:53.999, 6026104634096, vstest.console.dll, SocketServer.Stop: Cancellation requested. Stopping message loop.
TpTrace Verbose: 0 : 6100, 10, 2021/10/21, 07:56:54.000, 6026104642058, vstest.console.dll, ProxyDataCollectionManager.InvokeDataCollectionServiceAction: Starting.
TpTrace Information: 0 : 6100, 10, 2021/10/21, 07:56:54.000, 6026104642690, vstest.console.dll, ProxyDataCollectionManager.AfterTestRunEnd: Get attachment set for datacollector processId: 26048 port: 63419
TpTrace Verbose: 0 : 6100, 10, 2021/10/21, 07:56:54.000, 6026104643298, vstest.console.dll, DataCollectionRequestSender.SendAfterTestRunStartAndGetResult : Send AfterTestRunEnd message with isCancelled: False
TpTrace Verbose: 0 : 6100, 10, 2021/10/21, 07:56:54.006, 6026104705249, vstest.console.dll, DataCollectionRequestSender.SendAfterTestRunStartAndGetResult : Received message: (DataCollection.AfterTestRunEndResult) -> {
  "AttachmentSets": [],
  "Metrics": {}
}
TpTrace Warning: 0 : 6100, 9, 2021/10/21, 07:56:54.017, 6026104817435, vstest.console.dll, DataCollectionLauncher.ErrorReceivedCallback datacollector standard error line: 
TpTrace Information: 0 : 6100, 10, 2021/10/21, 07:56:54.022, 6026104868520, vstest.console.dll, ProxyDataCollectionManager.InvokeDataCollectionServiceAction: Completed.
TpTrace Information: 0 : 6100, 7, 2021/10/21, 07:56:54.031, 6026104950156, vstest.console.dll, DataCollectionLauncher.ExitCallBack: Data collector exited with exitcode: 0 error: ''
TpTrace Verbose: 0 : 6100, 10, 2021/10/21, 07:56:54.086, 6026105506733, vstest.console.dll, TestRunRequest:SendTestRunStatsChange: Starting.
TpTrace Information: 0 : 6100, 10, 2021/10/21, 07:56:54.086, 6026105509399, vstest.console.dll, TestRunRequest:SendTestRunStatsChange: Completed.
TpTrace Verbose: 0 : 6100, 10, 2021/10/21, 07:56:54.087, 6026105512121, vstest.console.dll, ParallelProxyExecutionManager: HandlePartialRunComplete: Total completed clients = 1, Run complete = True, Run canceled: False.
TpTrace Verbose: 0 : 6100, 10, 2021/10/21, 07:56:54.120, 6026105845972, vstest.console.dll, TestRunRequest:TestRunComplete: Starting. IsAborted:False IsCanceled:False.
TpTrace Verbose: 0 : 6100, 10, 2021/10/21, 07:56:54.120, 6026105848666, vstest.console.dll, TestLoggerManager.HandleTestRunComplete: Ignoring as the object is disposed.
TpTrace Information: 0 : 6100, 10, 2021/10/21, 07:56:54.121, 6026105851984, vstest.console.dll, TestRunRequest:TestRunComplete: Completed.
TpTrace Verbose: 0 : 6100, 1, 2021/10/21, 07:56:54.121, 6026105852398, vstest.console.dll, TestRunRequest.Dispose: Starting.
TpTrace Verbose: 0 : 6100, 10, 2021/10/21, 07:56:54.121, 6026105852765, vstest.console.dll, TestRequestSender.SetOperationComplete: Setting operation complete.
TpTrace Information: 0 : 6100, 1, 2021/10/21, 07:56:54.121, 6026105853736, vstest.console.dll, TestRunRequest.Dispose: Completed.
TpTrace Information: 0 : 6100, 10, 2021/10/21, 07:56:54.121, 6026105854280, vstest.console.dll, SocketServer.Stop: Stop server endPoint: 127.0.0.1:63422
TpTrace Information: 0 : 6100, 1, 2021/10/21, 07:56:54.121, 6026105854849, vstest.console.dll, TestRequestManager.RunTests: run tests completed.
TpTrace Information: 0 : 6100, 10, 2021/10/21, 07:56:54.121, 6026105855193, vstest.console.dll, SocketServer.Stop: Cancellation requested. Stopping message loop.
TpTrace Information: 0 : 6100, 1, 2021/10/21, 07:56:54.121, 6026105856373, vstest.console.dll, RunTestsArgumentProcessor:Execute: Test run is completed.
TpTrace Information: 0 : 6100, 10, 2021/10/21, 07:56:54.121, 6026105856710, vstest.console.dll, SocketServer.PrivateStop: Stop server endPoint: 127.0.0.1:63422 error: 
TpTrace Verbose: 0 : 6100, 1, 2021/10/21, 07:56:54.121, 6026105859050, vstest.console.dll, Executor.Execute: Exiting with exit code of 1
TpTrace Verbose: 0 : 6100, 10, 2021/10/21, 07:56:54.122, 6026105865259, vstest.console.dll, LengthPrefixCommunicationChannel.Dispose: Dispose reader and writer.
TpTrace Information: 0 : 6100, 10, 2021/10/21, 07:56:54.122, 6026105866269, vstest.console.dll, SocketServer.Stop: Raise disconnected event endPoint: 127.0.0.1:63422 error: 
